This is pdfTeX, Version 3.14159265-2.6-1.40.16 (TeX Live 2015/Debian) (preloaded format=pdflatex 2015.10.30)  12 NOV 2015 11:55
entering extended mode
 restricted \write18 enabled.
 %&-line parsing enabled.
**main.tex
(./main.tex
LaTeX2e <2015/01/01>
Babel <3.9l> and hyphenation patterns for 6 languages loaded.
(/usr/share/texlive/texmf-dist/tex/latex/base/article.cls
Document Class: article 2014/09/29 v1.4h Standard LaTeX document class
(/usr/share/texlive/texmf-dist/tex/latex/base/size12.clo
File: size12.clo 2014/09/29 v1.4h Standard LaTeX file (size option)
)
\c@part=\count79
\c@section=\count80
\c@subsection=\count81
\c@subsubsection=\count82
\c@paragraph=\count83
\c@subparagraph=\count84
\c@figure=\count85
\c@table=\count86
\abovecaptionskip=\skip41
\belowcaptionskip=\skip42
\bibindent=\dimen102
)
(/usr/share/texlive/texmf-dist/tex/generic/babel/babel.sty
Package: babel 2014/09/25 3.9l The Babel package

(/usr/share/texlive/texmf-dist/tex/generic/babel-french/frenchb.ldf
Language: frenchb 2015/06/26 v3.1g French support from the babel system

(/usr/share/texlive/texmf-dist/tex/generic/babel/babel.def
File: babel.def 2014/09/25 3.9l Babel common definitions
\babel@savecnt=\count87
\U@D=\dimen103
)
\l@acadian = a dialect from \language\l@french 
\l@canadien = a dialect from \language\l@french 
\FBcolonskip=\skip43
\FBthinskip=\skip44
\FB@interchartokenstateORI=\count88
Package babel Info: Making : an active character on input line 353.
Package babel Info: Making ; an active character on input line 354.
Package babel Info: Making ! an active character on input line 355.
Package babel Info: Making ? an active character on input line 356.
\FBguillskip=\skip45
\FBguill@level=\count89
\FB@Mht=\dimen104
\std@mcc=\count90
\dec@mcc=\count91
\listindentFB=\skip46
\labelwidthFB=\skip47
\leftmarginFB=\skip48
\parindentFFN=\dimen105
))
(/usr/share/texlive/texmf-dist/tex/latex/carlisle/scalefnt.sty)
(/usr/share/texlive/texmf-dist/tex/latex/graphics/keyval.sty
Package: keyval 2014/10/28 v1.15 key=value parser (DPC)
\KV@toks@=\toks14
) (./main.aux)
\openout1 = `main.aux'.

LaTeX Font Info:    Checking defaults for OML/cmm/m/it on input line 4.
LaTeX Font Info:    ... okay on input line 4.
LaTeX Font Info:    Checking defaults for T1/cmr/m/n on input line 4.
LaTeX Font Info:    ... okay on input line 4.
LaTeX Font Info:    Checking defaults for OT1/cmr/m/n on input line 4.
LaTeX Font Info:    ... okay on input line 4.
LaTeX Font Info:    Checking defaults for OMS/cmsy/m/n on input line 4.
LaTeX Font Info:    ... okay on input line 4.
LaTeX Font Info:    Checking defaults for OMX/cmex/m/n on input line 4.
LaTeX Font Info:    ... okay on input line 4.
LaTeX Font Info:    Checking defaults for U/cmr/m/n on input line 4.
LaTeX Font Info:    ... okay on input line 4.
LaTeX Info: Redefining \degres on input line 4.
LaTeX Info: Redefining \dots on input line 4.
LaTeX Info: Redefining \up on input line 4.


Package frenchb.ldf Warning: OT1 encoding should not be used for French.
(frenchb.ldf)                Add \usepackage[T1]{fontenc} to the preamble
(frenchb.ldf)                of your document, on input line 4.

Missing character: There is no Ã in font cmbx12!
Missing character: There is no © in font cmbx12!
Missing character: There is no Ã in font cmr12!
Missing character: There is no ¨ in font cmr12!
Missing character: There is no Ã in font cmr12!
Missing character: There is no © in font cmr12!
Missing character: There is no Ã in font cmr12!
Missing character: There is no © in font cmr12!
Missing character: There is no Ã in font cmr12!
Missing character: There is no © in font cmr12!
Missing character: There is no Ã in font cmr12!
Missing character: There is no © in font cmr12!
Missing character: There is no Ã in font cmr12!
Missing character: There is no © in font cmr12!
Missing character: There is no Ã in font cmr12!
Missing character: There is no © in font cmr12!
Missing character: There is no Ã in font cmbx12!
Missing character: There is no © in font cmbx12!
Missing character: There is no Ã in font cmbx12!
Missing character: There is no   in font cmbx12!
Missing character: There is no Ã in font cmr12!
Missing character: There is no   in font cmr12!
Missing character: There is no Ã in font cmr12!
Missing character: There is no © in font cmr12!
Missing character: There is no Ã in font cmr12!
Missing character: There is no   in font cmr12!
Missing character: There is no Ã in font cmr12!
Missing character: There is no © in font cmr12!
Missing character: There is no Ã in font cmr12!
Missing character: There is no   in font cmr12!
Missing character: There is no Ã in font cmr12!
Missing character: There is no © in font cmr12!
Missing character: There is no Ã in font cmr12!
Missing character: There is no © in font cmr12!
Missing character: There is no Ã in font cmr12!
Missing character: There is no © in font cmr12!
Missing character: There is no Ã in font cmr12!
Missing character: There is no © in font cmr12!
Missing character: There is no Ã in font cmbx12!
Missing character: There is no ª in font cmbx12!
LaTeX Font Info:    External font `cmex10' loaded for size
(Font)              <12> on input line 35.
LaTeX Font Info:    External font `cmex10' loaded for size
(Font)              <8> on input line 35.
LaTeX Font Info:    External font `cmex10' loaded for size
(Font)              <6> on input line 35.

Overfull \hbox (26.71158pt too wide) in paragraph at lines 35--43
\OML/cmm/m/it/12 SELECT\OT1/cmr/m/n/12 ?\OML/cmm/m/it/12 eWHERE[]$ 
 []


Overfull \hbox (48.04213pt too wide) in paragraph at lines 43--51
\OML/cmm/m/it/12 lyon:fr=formation\OT1/cmr/m/n/12 # \OML/cmm/m/it/12 > PREFIXfo
af \OT1/cmr/m/n/12 :\OML/cmm/m/it/12 < http \OT1/cmr/m/n/12 : \OML/cmm/m/it/12 
==xmlns:com=foaf=spec= >
 []


Overfull \hbox (80.55931pt too wide) in paragraph at lines 43--51
\OML/cmm/m/it/12 SELECTDISTINCT\OT1/cmr/m/n/12 ?\OML/cmm/m/it/12 eWHERE[]$ 
 []


Overfull \hbox (48.04213pt too wide) in paragraph at lines 51--60
\OML/cmm/m/it/12 lyon:fr=formation\OT1/cmr/m/n/12 # \OML/cmm/m/it/12 > PREFIXfo
af \OT1/cmr/m/n/12 :\OML/cmm/m/it/12 < http \OT1/cmr/m/n/12 : \OML/cmm/m/it/12 
==xmlns:com=foaf=spec= >
 []


Overfull \hbox (87.71599pt too wide) in paragraph at lines 51--60
\OML/cmm/m/it/12 SELECTDISTINCT\OT1/cmr/m/n/12 ?\OML/cmm/m/it/12 eWHERE[]$ 
 []

[1

{/var/lib/texmf/fonts/map/pdftex/updmap/pdftex.map}]
Overfull \hbox (48.04213pt too wide) in paragraph at lines 60--71
\OML/cmm/m/it/12 lyon:fr=formation\OT1/cmr/m/n/12 # \OML/cmm/m/it/12 > PREFIXfo
af \OT1/cmr/m/n/12 :\OML/cmm/m/it/12 < http \OT1/cmr/m/n/12 : \OML/cmm/m/it/12 
==xmlns:com=foaf=spec= >
 []


Overfull \hbox (488.97743pt too wide) in paragraph at lines 60--71
\OML/cmm/m/it/12 SELECTDISTINCT\OT1/cmr/m/n/12 ?\OML/cmm/m/it/12 u\OT1/cmr/m/n/
12 ?\OML/cmm/m/it/12 u\OT1/cmr/m/n/12 2\OML/cmm/m/it/12 WHERE[]$ 
 []

Missing character: There is no Ã in font cmbx12!
Missing character: There is no © in font cmbx12!

Overfull \hbox (26.95851pt too wide) in paragraph at lines 78--86
\OML/cmm/m/it/12 ns\OT1/cmr/m/n/12 # \OML/cmm/m/it/12 > PREFIXgeo \OT1/cmr/m/n/
12 :\OML/cmm/m/it/12 < http \OT1/cmr/m/n/12 : \OML/cmm/m/it/12 ==www:w\OT1/cmr/
m/n/12 3\OML/cmm/m/it/12 :org=\OT1/cmr/m/n/12 2003\OML/cmm/m/it/12 =\OT1/cmr/m/
n/12 01\OML/cmm/m/it/12 =geo=wgs\OT1/cmr/m/n/12 84[]\OML/cmm/m/it/12 os\OT1/cmr
/m/n/12 # \OML/cmm/m/it/12 >
 []


Overfull \hbox (521.44357pt too wide) in paragraph at lines 78--86
\OML/cmm/m/it/12 PREFIXdbo \OT1/cmr/m/n/12 :\OML/cmm/m/it/12 < http \OT1/cmr/m/
n/12 : \OML/cmm/m/it/12 ==dbpedia:org=ontology= > SELECTdistinct\OT1/cmr/m/n/12
 ?\OML/cmm/m/it/12 countryWHERE[]ORDERBY\OT1/cmr/m/n/12 ?\OML/cmm/m/it/12 count
ry$ 
 []


Overfull \hbox (17.94609pt too wide) in paragraph at lines 90--99
[]$\OML/cmm/m/it/12 PREFIXtype \OT1/cmr/m/n/12 :\OML/cmm/m/it/12 < http \OT1/cm
r/m/n/12 : \OML/cmm/m/it/12 ==dbpedia:org=class=yago= > PREFIXprop \OT1/cmr/m/n
/12 :\OML/cmm/m/it/12 <
 []


Overfull \hbox (980.8323pt too wide) in paragraph at lines 90--99
\OML/cmm/m/it/12 http \OT1/cmr/m/n/12 : \OML/cmm/m/it/12 ==dbpedia:org=property
= > SELECT\OT1/cmr/m/n/12 ?\OML/cmm/m/it/12 country[]ame\OT1/cmr/m/n/12 ?\OML/c
mm/m/it/12 populationWHERE[]$ 
 []


Overfull \hbox (627.02843pt too wide) in paragraph at lines 99--105
[]$\OML/cmm/m/it/12 PREFIXprop \OT1/cmr/m/n/12 :\OML/cmm/m/it/12 < http \OT1/cm
r/m/n/12 : \OML/cmm/m/it/12 ==dbpedia:org=property= > ASK[]$ 
 []

[2] (./main.aux) ) 
Here is how much of TeX's memory you used:
 1328 strings out of 494930
 18139 string characters out of 6178884
 80691 words of memory out of 5000000
 4633 multiletter control sequences out of 15000+600000
 7587 words of font info for 27 fonts, out of 8000000 for 9000
 36 hyphenation exceptions out of 8191
 28i,4n,30p,244b,439s stack positions out of 5000i,500n,10000p,200000b,80000s
</usr/share/texlive/texmf-dist/fonts/type1/public/amsfonts/cm
/cmbx12.pfb></usr/share/texlive/texmf-dist/fonts/type1/public/amsfonts/cm/cmmi1
2.pfb></usr/share/texlive/texmf-dist/fonts/type1/public/amsfonts/cm/cmmi8.pfb><
/usr/share/texlive/texmf-dist/fonts/type1/public/amsfonts/cm/cmr12.pfb></usr/sh
are/texlive/texmf-dist/fonts/type1/public/amsfonts/cm/cmsy10.pfb>
Output written on main.pdf (2 pages, 69865 bytes).
PDF statistics:
 31 PDF objects out of 1000 (max. 8388607)
 21 compressed objects within 1 object stream
 0 named destinations out of 1000 (max. 500000)
 1 words of extra memory for PDF output out of 10000 (max. 10000000)

